
info	2022-03-27 04:00:17	POST Request to /api/auth/register
error	2022-03-27 04:00:17	ER_BAD_DB_ERROR: Unknown database 'vacationsdb'
info	2022-03-27 04:02:48	POST Request to /api/auth/register
error	2022-03-27 04:14:53	Unexpected token } in JSON at position 112
info	2022-03-27 04:14:56	POST Request to /api/auth/register
info	2022-03-27 04:17:37	POST Request to /api/auth/register
info	2022-03-27 04:18:19	POST Request to /api/auth/register
info	2022-03-27 04:19:10	POST Request to /api/auth/register
info	2022-03-27 04:19:10	Username Kermit is already taken. Please choose a different userName.
info	2022-03-27 04:20:21	POST Request to /api/auth/register
info	2022-03-27 04:21:44	POST Request to /api/auth/register
info	2022-03-27 04:21:44	Username jackamsterdam is already taken. Please choose a different userName.
info	2022-03-27 04:22:31	POST Request to /api/auth/register
info	2022-03-27 04:23:31	POST Request to /api/auth/register
info	2022-03-27 04:24:43	POST Request to /api/auth/register
info	2022-03-27 04:25:37	POST Request to /api/auth/register
info	2022-03-27 04:26:52	POST Request to /api/auth/register
info	2022-03-27 04:27:04	POST Request to /api/auth/register
info	2022-03-27 04:27:04	Username Kermit is already taken. Please choose a different username.
info	2022-03-27 04:28:27	POST Request to /api/auth/register
info	2022-03-27 04:28:27	"username" length must be at least 2 characters long
info	2022-03-27 04:28:37	POST Request to /api/auth/register
info	2022-03-27 04:28:37	"firstName" must be a string. "username" length must be at least 2 characters long
error	2022-03-27 04:29:11	Unexpected string in JSON at position 115
info	2022-03-27 04:29:18	POST Request to /api/auth/register
info	2022-03-27 04:29:18	"roleId" must be less than or equal to 2
info	2022-03-27 04:31:41	POST Request to /api/auth/register
info	2022-03-27 04:32:00	POST Request to /api/auth/register
info	2022-03-27 04:32:20	POST Request to /api/auth/register
info	2022-03-27 04:32:27	POST Request to /api/auth/register
info	2022-03-27 04:32:39	POST Request to /api/auth/register
info	2022-03-27 04:32:51	POST Request to /api/auth/register
info	2022-03-27 04:33:16	POST Request to /api/auth/register
info	2022-03-27 04:33:19	POST Request to /api/auth/register
info	2022-03-27 04:33:19	Username jackamsterdam is already taken. Please choose a different username.
info	2022-03-27 04:33:32	POST Request to /api/auth/register
info	2022-03-27 04:34:10	POST Request to /api/auth/register
info	2022-03-27 04:34:10	Username Kermit is already taken. Please choose a different username.
info	2022-03-27 04:45:36	POST Request to /api/auth/register
info	2022-03-27 01:19:00	POST Request to /api/auth/register
info	2022-03-27 01:19:00	Username Kermit is already taken. Please choose a different username.
info	2022-03-27 06:01:09	POST Request to /api/auth/login
info	2022-03-27 06:02:38	POST Request to /api/auth/login
info	2022-03-27 06:02:38	Incorrect username or password
info	2022-03-27 06:05:12	POST Request to /api/auth/login
info	2022-03-27 06:05:14	POST Request to /api/auth/login
info	2022-03-27 06:05:31	POST Request to /api/auth/login
info	2022-03-27 06:05:55	POST Request to /api/auth/login
info	2022-03-27 06:05:55	Incorrect username or password
info	2022-03-27 06:06:04	POST Request to /api/auth/login
info	2022-03-27 06:06:04	"username" length must be at least 2 characters long
info	2022-03-27 06:06:08	POST Request to /api/auth/login
info	2022-03-27 06:06:08	Incorrect username or password
info	2022-03-27 06:06:19	POST Request to /api/auth/login
info	2022-03-27 06:06:19	Incorrect username or password
info	2022-03-27 06:06:30	POST Request to /api/auth/login
info	2022-03-27 06:06:30	Incorrect username or password
info	2022-03-27 06:06:38	POST Request to /api/auth/login
info	2022-03-27 06:06:38	Incorrect username or password
info	2022-03-27 06:07:01	POST Request to /api/auth/login
info	2022-03-27 06:07:01	Incorrect username or password
info	2022-03-27 06:07:13	POST Request to /api/auth/login
info	2022-03-27 06:07:13	Incorrect username or password
info	2022-03-27 06:07:28	POST Request to /api/auth/login
info	2022-03-27 06:07:28	Incorrect username or password
info	2022-03-27 06:07:43	POST Request to /api/auth/login
info	2022-03-27 06:07:43	Incorrect username or password
info	2022-03-27 06:07:50	POST Request to /api/auth/register
info	2022-03-27 06:07:50	Username Kermit is already taken. Please choose a different username.
info	2022-03-27 06:10:41	POST Request to /api/auth/register
info	2022-03-27 06:10:41	Username Kermit is already taken. Please choose a different username.
info	2022-03-27 06:10:52	POST Request to /api/auth/login
info	2022-03-27 06:11:58	POST Request to /api/auth/login
info	2022-03-27 06:12:06	POST Request to /api/auth/login
info	2022-03-27 06:12:09	POST Request to /api/auth/login
info	2022-03-27 06:12:12	POST Request to /api/auth/login
info	2022-03-27 06:16:32	POST Request to /api/auth/login
info	2022-03-27 06:16:32	Incorrect username or password
info	2022-03-27 10:04:00	POST Request to /api/auth/login
info	2022-03-27 10:04:00	"password" is required
info	2022-03-27 10:17:41	POST Request to /api/auth/login
info	2022-03-27 10:17:41	"password" is required
info	2022-03-27 10:26:38	POST Request to /api/auth/login
info	2022-03-27 10:26:38	"password" is required
info	2022-03-27 10:26:50	POST Request to /api/auth/login
info	2022-03-27 10:26:50	Incorrect username or password
info	2022-03-27 10:26:58	POST Request to /api/auth/login
info	2022-03-27 10:28:01	POST Request to /api/auth/login
info	2022-03-27 10:28:01	"password" length must be at least 2 characters long
info	2022-03-27 10:28:06	POST Request to /api/auth/login
info	2022-03-27 10:28:06	Incorrect username or password
info	2022-03-27 10:28:25	POST Request to /api/auth/login
info	2022-03-27 10:28:25	Incorrect username or password
info	2022-03-27 10:28:32	POST Request to /api/auth/login
info	2022-03-27 10:28:32	"password" length must be at least 2 characters long
info	2022-03-27 10:28:45	POST Request to /api/auth/login
info	2022-03-27 10:28:45	"username" length must be at least 2 characters long. "password" length must be at least 2 characters long
info	2022-03-27 10:31:20	POST Request to /api/auth/login
info	2022-03-27 10:31:20	"password" is not allowed to be empty
info	2022-03-27 10:32:01	POST Request to /api/auth/login
info	2022-03-27 10:32:01	"username" is not allowed to be empty
info	2022-03-27 10:35:02	POST Request to /api/auth/login
info	2022-03-27 10:35:02	"username" length must be at least 2 characters long. "password" length must be at least 2 characters long
info	2022-03-27 10:36:28	POST Request to /api/auth/login
info	2022-03-27 10:36:28	Incorrect username or password
info	2022-03-27 10:36:50	POST Request to /api/auth/login
info	2022-03-27 10:36:50	Incorrect username or password
info	2022-03-27 10:36:51	POST Request to /api/auth/login
info	2022-03-27 10:36:51	Incorrect username or password
info	2022-03-27 10:41:21	POST Request to /api/auth/login
info	2022-03-27 10:41:22	Incorrect username or password
info	2022-03-27 10:41:22	POST Request to /api/auth/login
info	2022-03-27 10:41:22	Incorrect username or password
info	2022-03-27 10:41:23	POST Request to /api/auth/login
info	2022-03-27 10:41:23	Incorrect username or password
info	2022-03-27 10:41:23	POST Request to /api/auth/login
info	2022-03-27 10:41:23	Incorrect username or password
info	2022-03-27 10:41:24	POST Request to /api/auth/login
info	2022-03-27 10:41:24	Incorrect username or password
info	2022-03-27 10:42:24	POST Request to /api/auth/login
info	2022-03-27 10:42:24	Incorrect username or password
info	2022-03-27 10:57:05	POST Request to /api/auth/login
info	2022-03-27 11:06:02	POST Request to /api/auth/login
info	2022-03-27 11:06:58	POST Request to /api/auth/login
info	2022-03-27 11:07:57	POST Request to /api/auth/login
info	2022-03-27 11:39:34	POST Request to /api/auth/register
info	2022-03-27 11:40:34	POST Request to /api/auth/register
info	2022-03-27 11:40:34	Username davidSteiman is already taken. Please choose a different username.
info	2022-03-27 11:41:10	POST Request to /api/auth/register
info	2022-03-27 11:41:58	POST Request to /api/auth/register
info	2022-03-27 11:41:58	Username jackamsterdam is already taken. Please choose a different username.
info	2022-03-27 11:43:31	POST Request to /api/auth/register
info	2022-03-27 11:43:31	"firstName" is not allowed to be empty. "lastName" is not allowed to be empty. "username" is not allowed to be empty. "password" is not allowed to be empty
info	2022-03-27 11:43:40	POST Request to /api/auth/register
info	2022-03-27 11:43:40	"firstName" length must be at least 2 characters long. "lastName" length must be at least 2 characters long. "username" length must be at least 2 characters long. "password" length must be at least 2 characters long
info	2022-03-27 11:43:46	POST Request to /api/auth/register
info	2022-03-27 11:43:46	"firstName" length must be at least 2 characters long. "lastName" length must be at least 2 characters long. "username" length must be at least 2 characters long. "password" length must be at least 2 characters long
info	2022-03-27 11:44:10	POST Request to /api/auth/register
info	2022-03-27 11:44:10	"firstName" length must be less than or equal to 100 characters long. "lastName" length must be less than or equal to 100 characters long. "username" length must be less than or equal to 100 characters long. "password" length must be less than or equal to 100 characters long
info	2022-03-27 11:44:40	POST Request to /api/auth/register
info	2022-03-27 11:44:40	Username jackamsterdam is already taken. Please choose a different username.
info	2022-03-27 11:45:21	POST Request to /api/auth/register
info	2022-03-27 11:45:21	Username Jackamsterdam is already taken. Please choose a different username.
info	2022-03-27 11:45:30	POST Request to /api/auth/register
info	2022-03-27 11:45:30	Username JackAmsterdaM is already taken. Please choose a different username.
info	2022-03-27 11:45:43	POST Request to /api/auth/register
info	2022-03-27 11:47:05	POST Request to /api/auth/login
info	2022-03-27 11:47:05	Incorrect username or password
info	2022-03-27 11:47:19	POST Request to /api/auth/login
info	2022-03-27 11:47:19	Incorrect username or password
info	2022-03-27 11:47:25	POST Request to /api/auth/login
info	2022-03-27 11:47:43	POST Request to /api/auth/register
info	2022-03-27 11:47:43	Username kermit is already taken. Please choose a different username.
info	2022-03-28 12:55:56	POST Request to /api/auth/login
info	2022-03-28 12:56:44	POST Request to /api/auth/login
info	2022-03-28 12:57:42	POST Request to /api/auth/login
info	2022-03-28 12:57:42	Incorrect username or password
info	2022-03-28 12:57:59	POST Request to /api/auth/login
info	2022-03-28 01:07:31	POST Request to /api/auth/login
info	2022-03-28 01:12:23	POST Request to /api/auth/register
info	2022-03-28 01:12:32	POST Request to /api/auth/login
info	2022-03-28 01:26:51	POST Request to /api/auth/login
info	2022-03-28 01:27:13	POST Request to /api/auth/register
info	2022-03-28 02:01:12	POST Request to /api/auth/login
info	2022-03-28 02:01:28	POST Request to /api/auth/login
info	2022-03-28 02:05:33	POST Request to /api/auth/login
info	2022-03-28 02:05:41	POST Request to /api/auth/login
info	2022-03-28 02:06:20	POST Request to /api/auth/login
info	2022-03-28 02:06:49	POST Request to /api/auth/login
info	2022-03-28 02:07:20	POST Request to /api/auth/login
info	2022-03-28 02:08:50	POST Request to /api/auth/login
info	2022-03-28 02:09:14	POST Request to /api/auth/login
info	2022-03-28 03:17:36	GET Request to /api/admin/vacations
info	2022-03-28 03:17:36	Route not found
info	2022-03-28 03:18:08	GET Request to /api/admin/vacations
info	2022-03-28 03:18:27	GET Request to /api/admin/vacationss
info	2022-03-28 03:18:27	Route not found
info	2022-03-28 03:19:58	GET Request to /api/admin/vacations
info	2022-03-28 03:28:12	GET Request to /api/admin/vacations/1
error	2022-03-28 03:28:12	ER_BAD_FIELD_ERROR: Unknown column 'NaN' in 'where clause'
info	2022-03-28 03:28:40	GET Request to /api/admin/vacations/1
error	2022-03-28 03:28:40	ER_BAD_FIELD_ERROR: Unknown column 'NaN' in 'where clause'
info	2022-03-28 03:29:33	GET Request to /api/admin/vacations/1
error	2022-03-28 03:29:34	ER_BAD_FIELD_ERROR: Unknown column 'NaN' in 'where clause'
info	2022-03-28 03:29:37	GET Request to /api/admin/vacations/1
error	2022-03-28 03:29:37	ER_BAD_FIELD_ERROR: Unknown column 'NaN' in 'where clause'
info	2022-03-28 03:30:11	GET Request to /api/admin/vacations/1
error	2022-03-28 03:30:11	ER_BAD_FIELD_ERROR: Unknown column 'NaN' in 'where clause'
info	2022-03-28 03:31:22	GET Request to /api/admin/vacations/1
error	2022-03-28 03:31:22	ER_BAD_FIELD_ERROR: Unknown column 'NaN' in 'where clause'
info	2022-03-28 03:32:10	GET Request to /api/admin/vacations/1
error	2022-03-28 03:32:10	ER_BAD_FIELD_ERROR: Unknown column 'NaN' in 'where clause'
info	2022-03-28 03:32:32	GET Request to /api/admin/vacations/1
info	2022-03-28 03:33:31	GET Request to /api/admin/vacations/1
error	2022-03-28 03:33:31	ER_BAD_FIELD_ERROR: Unknown column 'NaN' in 'where clause'
info	2022-03-28 03:34:03	GET Request to /api/admin/vacations/123434234
info	2022-03-28 03:34:03	Resource with id 123434234 not found.
info	2022-03-28 03:34:07	GET Request to /api/admin/vacations/1
info	2022-03-28 03:34:45	GET Request to /api/admin/vacations/1
info	2022-03-28 03:35:47	GET Request to /api/admin/vacations/1
info	2022-03-28 03:36:05	GET Request to /api/admin/vacations/1
info	2022-03-28 03:36:08	GET Request to /api/admin/vacations/1
info	2022-03-28 03:36:14	GET Request to /api/admin/vacations/123423423
info	2022-03-28 03:36:14	Resource with id 123423423 not found.
info	2022-03-28 03:52:05	POST Request to /api/admin/vacations/
info	2022-03-28 03:52:05	Route not found
info	2022-03-28 03:53:01	POST Request to /api/admin/vacations/
info	2022-03-28 03:53:01	Route not found
info	2022-03-28 03:53:26	POST Request to /api/admin/vacations/
info	2022-03-28 03:55:39	POST Request to /api/products/
info	2022-03-28 03:55:39	Route not found
info	2022-03-28 03:55:52	POST Request to /api/admin/vacations/
info	2022-03-28 03:55:52	"destination" must be a string. "fromDate" must be a valid date
info	2022-03-28 03:57:32	POST Request to /api/admin/vacations/
info	2022-03-28 04:08:47	POST Request to /api/admin/vacations/
info	2022-03-28 04:08:47	"destination" must be a string. "fromDate" must be a valid date
info	2022-03-28 04:10:10	POST Request to /api/admin/vacations/
info	2022-03-28 04:10:10	"destination" must be a string. "fromDate" must be a valid date. "price" must be an integer
info	2022-03-28 04:10:44	POST Request to /api/admin/vacations/
info	2022-03-28 04:10:44	"destination" must be a string. "fromDate" must be a valid date
info	2022-03-28 04:11:00	POST Request to /api/admin/vacations/
info	2022-03-28 04:11:00	"destination" must be a string. "fromDate" must be a valid date. "price" must be less than or equal to 100
info	2022-03-28 04:11:23	POST Request to /api/admin/vacations/
info	2022-03-28 04:11:23	"destination" must be a string. "fromDate" must be a valid date
info	2022-03-28 04:12:04	POST Request to /api/admin/vacations/
info	2022-03-28 04:12:05	"destination" must be a string. "fromDate" must be a valid date
info	2022-03-28 04:34:27	GET Request to /api/admin/vacations
info	2022-03-28 04:35:28	PUT Request to /api/admin/vacations/4
info	2022-03-28 04:35:28	Route not found
info	2022-03-28 04:35:50	PUT Request to /api/admin/vacations/4
info	2022-03-28 04:35:50	Route not found
info	2022-03-28 04:35:53	PUT Request to /api/admin/vacations/4
info	2022-03-28 04:35:53	Route not found
info	2022-03-28 04:36:16	PUT Request to /api/admin/vacations/4
error	2022-03-28 04:36:16	ER_BAD_FIELD_ERROR: Unknown column 'imageName' in 'field list'
info	2022-03-28 04:37:01	PUT Request to /api/admin/vacations/4
info	2022-03-28 04:40:06	PUT Request to /api/admin/vacations/523423423
info	2022-03-28 04:40:06	Resource with id 523423423 not found
info	2022-03-28 04:41:26	PUT Request to /api/products/84
info	2022-03-28 04:41:26	Route not found
info	2022-03-28 04:41:51	PUT Request to /api/admin/vacations/5
info	2022-03-28 04:41:51	"destination" must be a string. "description" length must be at least 2 characters long. "fromDate" must be a valid date
info	2022-03-28 04:42:11	PUT Request to /api/admin/vacations/5
info	2022-03-28 04:42:11	"destination" must be a string. "description" length must be at least 2 characters long. "fromDate" must be a valid date. "price" must be a number
info	2022-03-28 04:42:39	POST Request to /api/admin/vacations/
info	2022-03-28 04:42:39	"destination" must be a string. "fromDate" must be a valid date. "price" must be a number
info	2022-03-28 04:52:53	GET Request to /api/admin/vacations
info	2022-03-28 04:53:01	DELETE Request to /api/admin/vacations/5
info	2022-03-28 04:53:05	GET Request to /api/admin/vacations
info	2022-03-28 04:53:29	DELETE Request to /api/admin/vacations/534543534
info	2022-03-28 04:53:29	Resource with id 534543534 not found
info	2022-03-28 05:08:14	GET Request to /api/admin/vacations/images/djkfjie3j9dsfsk/%0A
info	2022-03-28 05:08:14	Route not found
info	2022-03-28 05:08:33	GET Request to /api/admin/vacations/images/123123%0A
error	2022-03-28 05:08:33	ENOENT: no such file or directory, stat 'C:\Users\Jacka\Desktop\John Bryce\03. March-John Bryce\.Project\Vacation-Jack_Amsterdam\Backend\src\.assets\images\123123
'
info	2022-03-28 05:08:39	GET Request to /api/admin/vacations/images/123123
error	2022-03-28 05:08:39	ENOENT: no such file or directory, stat 'C:\Users\Jacka\Desktop\John Bryce\03. March-John Bryce\.Project\Vacation-Jack_Amsterdam\Backend\src\.assets\images\123123'
info	2022-03-28 05:08:55	GET Request to /api/admin/vacations/images/123123/
error	2022-03-28 05:08:55	ENOENT: no such file or directory, stat 'C:\Users\Jacka\Desktop\John Bryce\03. March-John Bryce\.Project\Vacation-Jack_Amsterdam\Backend\src\.assets\images\123123'
info	2022-03-28 05:09:17	GET Request to /api/admin/vacations/images/123123
info	2022-03-28 05:13:41	GET Request to /api/admin/vacations/images/123123
error	2022-03-28 05:13:41	ENOENT: no such file or directory, stat 'C:\Users\Jacka\Desktop\John Bryce\03. March-John Bryce\.Project\Vacation-Jack_Amsterdam\Backend\src\upload\images\123123'
info	2022-03-28 05:13:50	GET Request to /api/admin/vacations/1
info	2022-03-28 05:13:53	GET Request to /api/admin/vacations
info	2022-03-28 05:13:53	You are not logged-in
info	2022-03-28 05:14:06	POST Request to /api/auth/login
info	2022-03-28 05:14:30	GET Request to /api/admin/vacations
info	2022-03-28 05:15:02	GET Request to /api/admin/vacations
info	2022-03-28 05:15:02	Forbidden: You are not authorized
info	2022-03-28 05:15:39	GET Request to /api/admin/vacations
info	2022-03-28 05:15:39	You are not logged-in
info	2022-03-28 05:15:57	POST Request to /api/auth/login
info	2022-03-28 05:16:18	GET Request to /api/admin/vacations
info	2022-03-28 05:16:40	GET Request to /api/admin/vacations
